
> ai-doctor-assistant@0.1.0 build
> next build

тЪа Warning: Next.js inferred your workspace root, but it may not be correct.
 We detected multiple lockfiles and selected the directory of C:\Antigravity\package-lock.json as the root directory.
 To silence this warning, set `turbopack.root` in your Next.js config, or consider removing one of the lockfiles if it's not needed.
   See https://nextjs.org/docs/app/api-reference/config/next-config-js/turbopack#root-directory for more information.
 Detected additional lockfiles: 
   * C:\Antigravity\ai-doctor-assistant\package-lock.json

тЦ▓ Next.js 16.1.6 (Turbopack)
- Environments: .env.local
- Experiments (use with caution):
  ┬╖ serverActions

  Creating an optimized production build ...
тЬУ Compiled successfully in 9.0s
  Running TypeScript ...
Failed to compile.

./src/app/api/users/route.ts:109:13
Type error: Object literal may only specify known properties, and 'banned_until' does not exist in type 'AdminUserAttributes'.

  107 |
  108 |         const { error: banError } = await supabaseAdmin.auth.admin.updateUserById(id, {
> 109 |             banned_until: bannedUntil.toISOString()
      |             ^
  110 |         });
  111 |
  112 |         if (banError) throw banError;
Next.js build worker exited with code: 1 and signal: null
